#
# There is insufficient memory for the Java Runtime Environment to continue.
# Native memory allocation (mmap) failed to map 67108864 bytes for G1 virtual space
# Possible reasons:
#   The system is out of physical RAM or swap space
#   The process is running with CompressedOops enabled, and the Java Heap may be blocking the growth of the native heap
# Possible solutions:
#   Reduce memory load on the system
#   Increase physical memory or swap space
#   Check if swap backing store is full
#   Decrease Java heap size (-Xmx/-Xms)
#   Decrease number of Java threads
#   Decrease Java thread stack sizes (-Xss)
#   Set larger code cache with -XX:ReservedCodeCacheSize=
#   JVM is running with Unscaled Compressed Oops mode in which the Java heap is
#     placed in the first 4GB address space. The Java Heap base address is the
#     maximum limit for the native heap growth. Please use -XX:HeapBaseMinAddress
#     to set the Java Heap base and to place the Java Heap above 4GB virtual address.
# This output file may be truncated or incomplete.
#
#  Out of Memory Error (os_windows.cpp:3535), pid=21416, tid=8152
#
# JRE version:  (17.0.3+7) (build )
# Java VM: OpenJDK 64-Bit Server VM (17.0.3+7, mixed mode, sharing, tiered, compressed oops, compressed class ptrs, g1 gc, windows-amd64)
# No core dump will be written. Minidumps are not enabled by default on client versions of Windows
#

---------------  S U M M A R Y ------------

Command Line: -Dfile.encoding=UTF-8 -XX:+ShowCodeDetailsInExceptionMessages internetBankingProject.spicejet

Host: Intel(R) Core(TM) i3-7100U CPU @ 2.40GHz, 4 cores, 3G,  Windows 10 , 64 bit Build 19041 (10.0.19041.3636)
Time: Sun Jan 14 23:18:04 2024 India Standard Time elapsed time: 0.028867 seconds (0d 0h 0m 0s)

---------------  T H R E A D  ---------------

Current thread (0x0000015f2f604810):  JavaThread "Unknown thread" [_thread_in_vm, id=8152, stack(0x0000001910600000,0x0000001910700000)]

Stack: [0x0000001910600000,0x0000001910700000]
Native frames: (J=compiled Java code, j=interpreted, Vv=VM code, C=native code)
V  [jvm.dll+0x675efa]
V  [jvm.dll+0x830a24]
V  [jvm.dll+0x8321ce]
V  [jvm.dll+0x832833]
V  [jvm.dll+0x2454b5]
V  [jvm.dll+0x672de9]
V  [jvm.dll+0x667732]
V  [jvm.dll+0x3043ab]
V  [jvm.dll+0x30b8f6]
V  [jvm.dll+0x35b62e]
V  [jvm.dll+0x35b85f]
V  [jvm.dll+0x2db248]
V  [jvm.dll+0x2dc1b4]
V  [jvm.dll+0x802651]
V  [jvm.dll+0x3693b1]
V  [jvm.dll+0x7e1aac]
V  [jvm.dll+0x3ebd8f]
V  [jvm.dll+0x3ed911]
C  [jli.dll+0x5277]
C  [ucrtbase.dll+0x21bb2]
C  [KERNEL32.DLL+0x17344]
C  [ntdll.dll+0x526b1]


---------------  P R O C E S S  ---------------

Threads class SMR info:
_java_thread_list=0x00007ffa51ee6e98, length=0, elements={
}

Java Threads: ( => current thread )

Other Threads:
  0x0000015f2f640850 GCTaskThread "GC Thread#0" [stack: 0x0000001910700000,0x0000001910800000] [id=11876]
  0x0000015f2f6494d0 ConcurrentGCThread "G1 Main Marker" [stack: 0x0000001910800000,0x0000001910900000] [id=21960]
  0x0000015f2f64b690 ConcurrentGCThread "G1 Conc#0" [stack: 0x0000001910900000,0x0000001910a00000] [id=21196]

[error occurred during error reporting (printing all threads), id 0xc0000005, EXCEPTION_ACCESS_VIOLATION (0xc0000005) at pc=0x00007ffa516bbcd7]

VM state: not at safepoint (not fully initialized)

VM Mutex/Monitor currently owned by a thread:  ([mutex/lock_event])
[0x0000015f2f5ff400] Heap_lock - owner thread: 0x0000015f2f604810

Heap address: 0x00000000c1600000, size: 1002 MB, Compressed Oops mode: 32-bit

CDS archive(s) mapped at: [0x0000000000000000-0x0000000000000000-0x0000000000000000), size 0, SharedBaseAddress: 0x0000000800000000, ArchiveRelocationMode: 0.
Narrow klass base: 0x0000000000000000, Narrow klass shift: 0, Narrow klass range: 0x0

GC Precious Log:
<Empty>

Heap:
 garbage-first heap   total 0K, used 0K [0x00000000c1600000, 0x0000000100000000)
  region size 1024K, 0 young (0K), 0 survivors (0K)

[error occurred during error reporting (printing heap information), id 0xc0000005, EXCEPTION_ACCESS_VIOLATION (0xc0000005) at pc=0x00007ffa51a9f249]

GC Heap History (0 events):
No events

Deoptimization events (0 events):
No events

Classes unloaded (0 events):
No events

Classes redefined (0 events):
No events

Internal exceptions (0 events):
No events

VM Operations (0 events):
No events

Events (1 events):
Event: 0.016 Loaded shared library C:\Users\HP\.p2\pool\plugins\org.eclipse.justj.openjdk.hotspot.jre.full.win32.x86_64_17.0.3.v20220515-1416\jre\bin\java.dll


Dynamic libraries:
0x00007ff7e4500000 - 0x00007ff7e450e000 	C:\Users\HP\.p2\pool\plugins\org.eclipse.justj.openjdk.hotspot.jre.full.win32.x86_64_17.0.3.v20220515-1416\jre\bin\javaw.exe
0x00007ffa91730000 - 0x00007ffa91928000 	C:\Windows\SYSTEM32\ntdll.dll
0x00007ffa90130000 - 0x00007ffa901ed000 	C:\Windows\System32\KERNEL32.DLL
0x00007ffa8f0a0000 - 0x00007ffa8f396000 	C:\Windows\System32\KERNELBASE.dll
0x00007ffa8efa0000 - 0x00007ffa8f0a0000 	C:\Windows\System32\ucrtbase.dll
0x00007ffa7d040000 - 0x00007ffa7d058000 	C:\Users\HP\.p2\pool\plugins\org.eclipse.justj.openjdk.hotspot.jre.full.win32.x86_64_17.0.3.v20220515-1416\jre\bin\jli.dll
0x00007ffa8fbd0000 - 0x00007ffa8fd6e000 	C:\Windows\System32\USER32.dll
0x00007ffa8eeb0000 - 0x00007ffa8eed2000 	C:\Windows\System32\win32u.dll
0x00007ffa916c0000 - 0x00007ffa916ec000 	C:\Windows\System32\GDI32.dll
0x00007ffa8f550000 - 0x00007ffa8f66a000 	C:\Windows\System32\gdi32full.dll
0x00007ffa8f670000 - 0x00007ffa8f70d000 	C:\Windows\System32\msvcp_win.dll
0x00007ffa7d020000 - 0x00007ffa7d039000 	C:\Users\HP\.p2\pool\plugins\org.eclipse.justj.openjdk.hotspot.jre.full.win32.x86_64_17.0.3.v20220515-1416\jre\bin\VCRUNTIME140.dll
0x00007ffa7be10000 - 0x00007ffa7c0aa000 	C:\Windows\WinSxS\amd64_microsoft.windows.common-controls_6595b64144ccf1df_6.0.19041.3636_none_60b6a03d71f818d5\COMCTL32.dll
0x00007ffa90e70000 - 0x00007ffa90f0e000 	C:\Windows\System32\msvcrt.dll
0x00007ffa90d10000 - 0x00007ffa90d40000 	C:\Windows\System32\IMM32.DLL
0x00007ffa798d0000 - 0x00007ffa798dc000 	C:\Users\HP\.p2\pool\plugins\org.eclipse.justj.openjdk.hotspot.jre.full.win32.x86_64_17.0.3.v20220515-1416\jre\bin\vcruntime140_1.dll
0x00007ffa62f00000 - 0x00007ffa62f91000 	C:\Users\HP\.p2\pool\plugins\org.eclipse.justj.openjdk.hotspot.jre.full.win32.x86_64_17.0.3.v20220515-1416\jre\bin\msvcp140.dll
0x00007ffa513d0000 - 0x00007ffa52018000 	C:\Users\HP\.p2\pool\plugins\org.eclipse.justj.openjdk.hotspot.jre.full.win32.x86_64_17.0.3.v20220515-1416\jre\bin\server\jvm.dll
0x00007ffa90a70000 - 0x00007ffa90b23000 	C:\Windows\System32\ADVAPI32.dll
0x00007ffa90c70000 - 0x00007ffa90d0f000 	C:\Windows\System32\sechost.dll
0x00007ffa90940000 - 0x00007ffa90a66000 	C:\Windows\System32\RPCRT4.dll
0x00007ffa8ef70000 - 0x00007ffa8ef97000 	C:\Windows\System32\bcrypt.dll
0x00007ffa8ff80000 - 0x00007ffa8ff88000 	C:\Windows\System32\PSAPI.DLL
0x00007ffa7f3a0000 - 0x00007ffa7f3a9000 	C:\Windows\SYSTEM32\WSOCK32.dll
0x00007ffa90d40000 - 0x00007ffa90dab000 	C:\Windows\System32\WS2_32.dll
0x00007ffa87250000 - 0x00007ffa8725a000 	C:\Windows\SYSTEM32\VERSION.dll
0x00007ffa76aa0000 - 0x00007ffa76ac7000 	C:\Windows\SYSTEM32\WINMM.dll
0x00007ffa8d640000 - 0x00007ffa8d652000 	C:\Windows\SYSTEM32\kernel.appcore.dll
0x00007ffa7cc50000 - 0x00007ffa7cc5a000 	C:\Users\HP\.p2\pool\plugins\org.eclipse.justj.openjdk.hotspot.jre.full.win32.x86_64_17.0.3.v20220515-1416\jre\bin\jimage.dll
0x00007ffa8ca20000 - 0x00007ffa8cc04000 	C:\Windows\SYSTEM32\DBGHELP.DLL
0x00007ffa802c0000 - 0x00007ffa802f4000 	C:\Windows\SYSTEM32\dbgcore.DLL
0x00007ffa8eee0000 - 0x00007ffa8ef62000 	C:\Windows\System32\bcryptPrimitives.dll
0x00007ffa74090000 - 0x00007ffa740b5000 	C:\Users\HP\.p2\pool\plugins\org.eclipse.justj.openjdk.hotspot.jre.full.win32.x86_64_17.0.3.v20220515-1416\jre\bin\java.dll

dbghelp: loaded successfully - version: 4.0.5 - missing functions: none
symbol engine: initialized successfully - sym options: 0x614 - pdb path: .;C:\Users\HP\.p2\pool\plugins\org.eclipse.justj.openjdk.hotspot.jre.full.win32.x86_64_17.0.3.v20220515-1416\jre\bin;C:\Windows\SYSTEM32;C:\Windows\WinSxS\amd64_microsoft.windows.common-controls_6595b64144ccf1df_6.0.19041.3636_none_60b6a03d71f818d5;C:\Users\HP\.p2\pool\plugins\org.eclipse.justj.openjdk.hotspot.jre.full.win32.x86_64_17.0.3.v20220515-1416\jre\bin\server

VM Arguments:
jvm_args: -Dfile.encoding=UTF-8 -XX:+ShowCodeDetailsInExceptionMessages 
java_command: internetBankingProject.spicejet
java_class_path (initial): C:\Users\HP\OneDrive\Desktop\internetBankingProject\target\classes;C:\Users\HP\OneDrive\Desktop\selenium\selenium-api-4.16.1.jar;C:\Users\HP\OneDrive\Desktop\selenium\selenium-api-4.16.1-sources.jar;C:\Users\HP\OneDrive\Desktop\selenium\selenium-chrome-driver-4.16.1.jar;C:\Users\HP\OneDrive\Desktop\selenium\selenium-chrome-driver-4.16.1-sources.jar;C:\Users\HP\OneDrive\Desktop\selenium\selenium-chromium-driver-4.16.1.jar;C:\Users\HP\OneDrive\Desktop\selenium\selenium-chromium-driver-4.16.1-sources.jar;C:\Users\HP\OneDrive\Desktop\selenium\selenium-devtools-v85-4.16.1.jar;C:\Users\HP\OneDrive\Desktop\selenium\selenium-devtools-v85-4.16.1-sources.jar;C:\Users\HP\OneDrive\Desktop\selenium\selenium-devtools-v118-4.16.1.jar;C:\Users\HP\OneDrive\Desktop\selenium\selenium-devtools-v118-4.16.1-sources.jar;C:\Users\HP\OneDrive\Desktop\selenium\selenium-devtools-v119-4.16.1.jar;C:\Users\HP\OneDrive\Desktop\selenium\selenium-devtools-v119-4.16.1-sources.jar;C:\Users\HP\OneDrive\Desktop\selenium\selenium-devtools-v120-4.16.1.jar;C:\Users\HP\OneDrive\Desktop\selenium\selenium-devtools-v120-4.16.1-sources.jar;C:\Users\HP\OneDrive\Desktop\selenium\selenium-edge-driver-4.16.1.jar;C:\Users\HP\OneDrive\Desktop\selenium\selenium-edge-driver-4.16.1-sources.jar;C:\Users\HP\OneDrive\Desktop\selenium\selenium-firefox-driver-4.16.1.jar;C:\Users\HP\OneDrive\Desktop\selenium\selenium-firefox-driver-4.16.1-sources.jar;C:\Users\HP\OneDrive\Desktop\selenium\selenium-http-4.16.1.jar;C:\Users\HP\OneDrive\Desktop\selenium\selenium-http-4.16.1-sources.jar;C:\Users\HP\OneDrive\Desktop\selenium\selenium-ie-driver-4.16.1.jar;C:\Users\HP\OneDrive\Desktop\selenium\selenium-ie-driver-4.16.1-sources.jar;C:\Users\HP\OneDrive\Desktop\selenium\selenium-java-4.16.1.jar;C:\Users\HP\OneDrive\Desktop\selenium\selenium-java-4.16.1-sources.jar;C:\Users\HP\OneDrive\Desktop\selenium\selenium-json-4.16.1.jar;C:\Users\HP\OneDrive\Desktop\selenium\selenium-json-4.16.1-sources.jar;C:\Users\H
Launcher Type: SUN_STANDARD

[Global flags]
     intx CICompilerCount                          = 3                                         {product} {ergonomic}
     uint ConcGCThreads                            = 1                                         {product} {ergonomic}
     uint G1ConcRefinementThreads                  = 4                                         {product} {ergonomic}
   size_t G1HeapRegionSize                         = 1048576                                   {product} {ergonomic}
    uintx GCDrainStackTargetSize                   = 64                                        {product} {ergonomic}
   size_t InitialHeapSize                          = 67108864                                  {product} {ergonomic}
   size_t MarkStackSize                            = 4194304                                   {product} {ergonomic}
   size_t MaxHeapSize                              = 1050673152                                {product} {ergonomic}
   size_t MinHeapDeltaBytes                        = 1048576                                   {product} {ergonomic}
   size_t MinHeapSize                              = 8388608                                   {product} {ergonomic}
    uintx NonNMethodCodeHeapSize                   = 5832780                                {pd product} {ergonomic}
    uintx NonProfiledCodeHeapSize                  = 122912730                              {pd product} {ergonomic}
    uintx ProfiledCodeHeapSize                     = 122912730                              {pd product} {ergonomic}
    uintx ReservedCodeCacheSize                    = 251658240                              {pd product} {ergonomic}
     bool SegmentedCodeCache                       = true                                      {product} {ergonomic}
     bool ShowCodeDetailsInExceptionMessages       = true                                   {manageable} {command line}
   size_t SoftMaxHeapSize                          = 1050673152                             {manageable} {ergonomic}
     bool UseCompressedClassPointers               = true                           {product lp64_product} {ergonomic}
     bool UseCompressedOops                        = true                           {product lp64_product} {ergonomic}
     bool UseG1GC                                  = true                                      {product} {ergonomic}
     bool UseLargePagesIndividualAllocation        = false                                  {pd product} {ergonomic}

Logging:
Log output configuration:
 #0: stdout all=warning uptime,level,tags
 #1: stderr all=off uptime,level,tags

Environment Variables:
JAVA_HOME=C:\Program Files (x86)\Java\jre1.8.0_341
PATH=C:/Users/HP/.p2/pool/plugins/org.eclipse.justj.openjdk.hotspot.jre.full.win32.x86_64_17.0.3.v20220515-1416/jre/bin/server;C:/Users/HP/.p2/pool/plugins/org.eclipse.justj.openjdk.hotspot.jre.full.win32.x86_64_17.0.3.v20220515-1416/jre/bin;C:\Python311\Scripts\;C:\Python311\;C:\Program Files\Common Files\Oracle\Java\javapath;C:\Program Files (x86)\Common Files\Oracle\Java\javapath;C:\Windows\system32;C:\Windows;C:\Windows\System32\Wbem;C:\Windows\System32\WindowsPowerShell\v1.0\;C:\Windows\System32\OpenSSH\;C:\Program Files (x86)\NVIDIA Corporation\PhysX\Common;C:\Users\HP\AppData\Local\Programs\Python\Python39\Scripts;C:\Users\HP\AppData\Local\Programs\Python\Python39;C:\Program Files\nodejs\;C:\ProgramData\chocolatey\bin;D:\other\allure-2.24.0\allure-2.24.0\bin;C:\apache-maven-3.9.4-bin\apache-maven-3.9.4\bin;C:\Program Files\MySQL\MySQL Shell 8.0\bin\;C:\Users\HP\AppData\Local\Microsoft\WindowsApps;C:\Users\HP\OneDrive\Desktop\chromedriver_win32;C:\Users\HP\Downloads\chromedriver_win32 (2);;C:\Users\HP\AppData\Local\Programs\Microsoft VS Code\bin;C:\Users\HP\AppData\Roaming\npm;C:\Windows\System32;
USERNAME=HP
OS=Windows_NT
PROCESSOR_IDENTIFIER=Intel64 Family 6 Model 142 Stepping 9, GenuineIntel



---------------  S Y S T E M  ---------------

OS:
 Windows 10 , 64 bit Build 19041 (10.0.19041.3636)
OS uptime: 3 days 4:34 hours

CPU: total 4 (initial active 4) (2 cores per cpu, 2 threads per core) family 6 model 142 stepping 9 microcode 0xde, cx8, cmov, fxsr, ht, mmx, 3dnowpref, sse, sse2, sse3, ssse3, sse4.1, sse4.2, popcnt, lzcnt, tsc, tscinvbit, avx, avx2, aes, erms, clmul, bmi1, bmi2, adx, fma, vzeroupper, clflush, clflushopt

Memory: 4k page, system-wide physical 4007M (276M free)
TotalPageFile size 16295M (AvailPageFile size 5M)
current process WorkingSet (physical memory assigned to process): 10M, peak: 10M
current process commit charge ("private bytes"): 51M, peak: 115M

vm_info: OpenJDK 64-Bit Server VM (17.0.3+7) for windows-amd64 JRE (17.0.3+7), built on Apr 19 2022 16:55:35 by "" with MS VC++ 16.7 (VS2019)

END.
